DailyBreathAndroid/app/build/outputs/mapping/playRelease/seeds.txt
technology.co.beyondimagination.dailybreath.MainActivity
technology.co.beyondimagination.dailybreath.MainActivity$Faith: technology.co.beyondimagination.dailybreath.MainActivity$Faith[] values()
technology.co.beyondimagination.dailybreath.MainActivity$Faith: technology.co.beyondimagination.dailybreath.MainActivity$Faith valueOf(java.lang.String)
technology.co.beyondimagination.dailybreath.MainActivity: MainActivity()