DailyBreathAndroid/app/build/outputs/mapping/playRelease/mapping.txt
# compiler: R8
# compiler_version: 9.3.16
# min_api: 26
# common_typos_disable
# {"id":"com.android.tools.r8.mapping","version":"2.2"}
# pg_map_id: e67f8eadb3c572bd454d976aebda2185e123ac9059f28d5aefd2f962253d149f
# pg_map_hash: SHA-256 e67f8eadb3c572bd454d976aebda2185e123ac9059f28d5aefd2f962253d149f
technology.co.beyondimagination.dailybreath.MainActivity -> technology.co.beyondimagination.dailybreath.MainActivity:
# {"id":"sourceFile","fileName":"MainActivity.java"}
    java.util.Set TANAKH_CODES -> A
      # {"id":"com.android.tools.r8.residualsignature","signature":"Ljava/util/HashSet;"}
    android.os.Handler handler -> a
    java.util.List dailyVerses -> b
      # {"id":"com.android.tools.r8.residualsignature","signature":"Ljava/util/ArrayList;"}
    java.util.List bible -> c
      # {"id":"com.android.tools.r8.residualsignature","signature":"Ljava/util/ArrayList;"}
    java.util.List quran -> d
      # {"id":"com.android.tools.r8.residualsignature","signature":"Ljava/util/ArrayList;"}
    java.lang.Runnable ticker -> e
      # {"id":"com.android.tools.r8.residualsignature","signature":"Ld;"}
    java.util.Map englishNames -> f
      # {"id":"com.android.tools.r8.residualsignature","signature":"Ljava/util/HashMap;"}
    java.util.Map tanakhNames -> g
      # {"id":"com.android.tools.r8.residualsignature","signature":"Ljava/util/HashMap;"}
    android.content.SharedPreferences prefs -> h
    android.widget.LinearLayout page -> i
    android.widget.LinearLayout nav -> j
    int tab -> k
    int seconds -> l
    boolean breathing -> m
    boolean complete -> n
    android.widget.TextView timerView -> o
    android.widget.TextView phaseView -> p
    android.widget.TextView weekView -> q
    android.widget.Button breathButton -> r
technology.co.beyondimagination.dailybreath.MainActivity$$ExternalSyntheticLambda0 -> a:
# {"id":"sourceFile","fileName":"R8$$SyntheticClass"}
# {"id":"com.android.tools.r8.synthesized"}
    int MainActivity$$ExternalSyntheticLambda0.$r8$classId -> a
      # {"id":"com.android.tools.r8.synthesized"}
    technology.co.beyondimagination.dailybreath.MainActivity technology.co.beyondimagination.dailybreath.MainActivity$$InternalSyntheticLambda$1$0caf43f50437b20c68c4c28dc4cd3ba8b56d4d69dab898d3e324c3687421b3dd$0.f$0 -> b
      # {"id":"com.android.tools.r8.synthesized"}
    java.lang.String technology.co.beyondimagination.dailybreath.MainActivity$$InternalSyntheticLambda$1$0caf43f50437b20c68c4c28dc4cd3ba8b56d4d69dab898d3e324c3687421b3dd$0.f$1 -> c
      # {"id":"com.android.tools.r8.residualsignature","signature":"Ljava/lang/Object;"}
      # {"id":"com.android.tools.r8.synthesized"}
    java.lang.String technology.co.beyondimagination.dailybreath.MainActivity$$InternalSyntheticLambda$1$0caf43f50437b20c68c4c28dc4cd3ba8b56d4d69dab898d3e324c3687421b3dd$0.f$2 -> d
      # {"id":"com.android.tools.r8.residualsignature","signature":"Ljava/lang/Object;"}
      # {"id":"com.android.tools.r8.synthesized"}
    1:1:void MainActivity$$ExternalSyntheticLambda0.<init>(technology.co.beyondimagination.dailybreath.MainActivity,java.lang.Object,java.lang.Object,int):0:0 -> <init>
      # {"id":"com.android.tools.r8.synthesized"}
technology.co.beyondimagination.dailybreath.MainActivity$$ExternalSyntheticLambda1 -> d:
# {"id":"sourceFile","fileName":"R8$$SyntheticClass"}
# {"id":"com.android.tools.r8.synthesized"}
    technology.co.beyondimagination.dailybreath.MainActivity technology.co.beyondimagination.dailybreath.MainActivity$$InternalSyntheticLambda$1$12906034e00470aea3b1c95b8bd555e604beaaffa272ef44e03135a7e6f4883c$0.f$0 -> a
      # {"id":"com.android.tools.r8.synthesized"}
    1:6:void MainActivity$$ExternalSyntheticLambda1.<init>(technology.co.beyondimagination.dailybreath.MainActivity):0:0 -> <init>
      # {"id":"com.android.tools.r8.synthesized"}
    1:1:void technology.co.beyondimagination.dailybreath.MainActivity.tick():123:123 -> run
    2:2:void technology.co.beyondimagination.dailybreath.MainActivity.recordCompletion():126:126 -> run
    2:2:void technology.co.beyondimagination.dailybreath.MainActivity.tick():123 -> run
    3:3:void technology.co.beyondimagination.dailybreath.MainActivity.tick():123:123 -> run