DailyBreathAndroid/app/build/outputs/mapping/playRelease/usage.txt
technology.co.beyondimagination.dailybreath.R$drawable
technology.co.beyondimagination.dailybreath.R$string
technology.co.beyondimagination.dailybreath.R$style
technology.co.beyondimagination.dailybreath.R
technology.co.beyondimagination.dailybreath.MainActivity$Faith$EnumUnboxingLocalUtility:
    static void <clinit>()
    public static int _valueOf(java.lang.String)
    public static int[] _values()
    public static synthetic java.lang.String stringValueOf(int)
technology.co.beyondimagination.dailybreath.MainActivity$Faith$EnumUnboxingSharedUtility:
    public static synthetic java.lang.Integer boxedOrdinalOrNull(int)
    public static synthetic void checkNotZero(int)
    public static synthetic void checkNotZero(int,java.lang.String)
    public static synthetic int compareTo(int,int)
    public static synthetic boolean equals(int,int)
    public static synthetic boolean objects$equals(int,int)
    public static synthetic int ordinal(int)
technology.co.beyondimagination.dailybreath.MainActivity$Faith
technology.co.beyondimagination.dailybreath.MainActivity:
    public static java.lang.String format(int)
    public static int number()
    public final java.lang.String phase()
    public static java.lang.String plural(java.lang.String)
...
kotlin.sequences.MergingSequence
kotlin.sequences.Sequence
kotlin.sequences.SequenceBuilderIterator
kotlin.sequences.SequenceScope
kotlin.sequences.SequencesKt
kotlin.sequences.SequencesKt__SequenceBuilderKt$sequence$$inlined$Sequence$1
kotlin.sequences.SequencesKt__SequenceBuilderKt
kotlin.sequences.SequencesKt__SequencesJVMKt
kotlin.sequences.SequencesKt__SequencesKt$Sequence$1
kotlin.sequences.SequencesKt__SequencesKt$asSequence$$inlined$Sequence$1
kotlin.sequences.SequencesKt__SequencesKt$flatMapIndexed$1
kotlin.sequences.SequencesKt__SequencesKt$ifEmpty$1
kotlin.sequences.SequencesKt__SequencesKt$sequenceOf$$inlined$Sequence$1
kotlin.sequences.SequencesKt__SequencesKt$sequenceOf$1$1
kotlin.sequences.SequencesKt__SequencesKt$shuffled$1
kotlin.sequences.SequencesKt__SequencesKt
kotlin.sequences.SequencesKt___SequencesJvmKt
kotlin.sequences.SequencesKt___SequencesKt$asIterable$$inlined$Iterable$1
kotlin.sequences.SequencesKt___SequencesKt$filterIsInstance$1
kotlin.sequences.SequencesKt___SequencesKt$flatMap$1
kotlin.sequences.SequencesKt___SequencesKt$flatMap$2
kotlin.sequences.SequencesKt___SequencesKt$flatMapIndexed$1
kotlin.sequences.SequencesKt___SequencesKt$flatMapIndexed$2
kotlin.sequences.SequencesKt___SequencesKt$groupingBy$1
kotlin.sequences.SequencesKt___SequencesKt$minus$1
kotlin.sequences.SequencesKt___SequencesKt$minus$2
kotlin.sequences.SequencesKt___SequencesKt$minus$3
kotlin.sequences.SequencesKt___SequencesKt$minus$4
kotlin.sequences.SequencesKt___SequencesKt$runningFold$1
kotlin.sequences.SequencesKt___SequencesKt$runningFoldIndexed$1
kotlin.sequences.SequencesKt___SequencesKt$runningReduce$1
kotlin.sequences.SequencesKt___SequencesKt$runningReduceIndexed$1
kotlin.sequences.SequencesKt___SequencesKt$sorted$1
kotlin.sequences.SequencesKt___SequencesKt$sortedWith$1
kotlin.sequences.SequencesKt___SequencesKt$zipWithNext$2
kotlin.sequences.SequencesKt___SequencesKt
kotlin.sequences.SubSequence$iterator$1
kotlin.sequences.SubSequence
kotlin.sequences.TakeSequence$iterator$1
kotlin.sequences.TakeSequence
kotlin.sequences.TakeWhileSequence$iterator$1
kotlin.sequences.TakeWhileSequence
kotlin.sequences.TransformingIndexedSequence$iterator$1
kotlin.sequences.TransformingIndexedSequence
kotlin.sequences.TransformingSequence$iterator$1
kotlin.sequences.TransformingSequence
kotlin.sequences.USequencesKt
kotlin.sequences.USequencesKt___USequencesKt
kotlin.streams.jdk8.StreamsKt$asSequence$$inlined$Sequence$1
kotlin.streams.jdk8.StreamsKt$asSequence$$inlined$Sequence$2
kotlin.streams.jdk8.StreamsKt$asSequence$$inlined$Sequence$3
kotlin.streams.jdk8.StreamsKt$asSequence$$inlined$Sequence$4
kotlin.streams.jdk8.StreamsKt
kotlin.system.ProcessKt
kotlin.system.TimingKt
kotlin.text.CharCategory$Companion
kotlin.text.CharCategory
kotlin.text.CharDirectionality$Companion
kotlin.text.CharDirectionality
kotlin.text.CharsKt
kotlin.text.CharsKt__CharJVMKt
kotlin.text.CharsKt__CharKt
kotlin.text.Charsets
kotlin.text.CharsetsKt
kotlin.text.DelimitedRangesSequence$iterator$1
kotlin.text.DelimitedRangesSequence
kotlin.text.FlagEnum
kotlin.text.HexExtensionsKt
kotlin.text.HexFormat$Builder
kotlin.text.HexFormat$BytesHexFormat$Builder
kotlin.text.HexFormat$BytesHexFormat$Companion
kotlin.text.HexFormat$BytesHexFormat
kotlin.text.HexFormat$Companion
kotlin.text.HexFormat$NumberHexFormat$Builder
kotlin.text.HexFormat$NumberHexFormat$Companion
kotlin.text.HexFormat$NumberHexFormat
kotlin.text.HexFormat
kotlin.text.HexFormatKt
kotlin.text.LinesIterator$State
kotlin.text.LinesIterator
kotlin.text.MatchGroup
kotlin.text.MatchGroupCollection
kotlin.text.MatchNamedGroupCollection
kotlin.text.MatchResult$DefaultImpls
kotlin.text.MatchResult$Destructured
kotlin.text.MatchResult
kotlin.text.MatcherMatchResult$groupValues$1
kotlin.text.MatcherMatchResult$groups$1
kotlin.text.MatcherMatchResult
kotlin.text.Regex$Companion
kotlin.text.Regex$Serialized$Companion
kotlin.text.Regex$Serialized
kotlin.text.Regex$findAll$2